{
  "uid" : "e0c5e75bc115bddc",
  "name" : "test_failure",
  "fullName" : "pytest_syudy.test_allure.test_failure",
  "historyId" : "23a04b41ad5524a247f932dcecdb10e3",
  "time" : {
    "start" : 1603959282355,
    "stop" : 1603959282373,
    "duration" : 18
  },
  "description" : "this test fails",
  "descriptionHtml" : "<p>this test fails</p>\n",
  "status" : "failed",
  "statusDetails" : {
    "message" : "AssertionError: assert False",
    "trace" : "def test_failure():\n        \"\"\"this test fails\"\"\"\n>       assert False\nE       assert False\n\ntest_allure.py:17: AssertionError",
    "flaky" : false
  },
  "beforeStages" : [ ],
  "afterStages" : [ ],
  "labels" : [ {
    "name" : "host",
    "value" : "ubuntu-Latitude-5490"
  }, {
    "name" : "severity",
    "value" : "normal"
  }, {
    "name" : "thread",
    "value" : "1973-MainThread"
  }, {
    "name" : "suite",
    "value" : "pytest_syudy.test_allure"
  }, {
    "name" : "testClass",
    "value" : "pytest_syudy.test_allure"
  }, {
    "name" : "testMethod",
    "value" : "test_failure"
  }, {
    "name" : "package",
    "value" : "pytest_syudy.test_allure"
  }, {
    "name" : "resultFormat",
    "value" : "allure1"
  } ],
  "parameters" : [ ],
  "links" : [ ],
  "hidden" : false,
  "extra" : {
    "severity" : "normal",
    "retries" : [ ],
    "categories" : [ {
      "name" : "Product defects",
      "matchedStatuses" : [ ],
      "flaky" : false
    } ],
    "tags" : [ ]
  },
  "source" : "e0c5e75bc115bddc.json",
  "statusDetailsSafe" : {
    "message" : "AssertionError: assert False",
    "trace" : "def test_failure():\n        \"\"\"this test fails\"\"\"\n>       assert False\nE       assert False\n\ntest_allure.py:17: AssertionError",
    "flaky" : false
  },
  "statusMessage" : {
    "present" : true
  },
  "parameterValues" : [ ]
}